<?xml version="1.0" encoding="UTF-8" ?>
<testsuite tests="5" failures="0" name="pkgTestcase.CalculatorTest" time="0.006" errors="0" skipped="0">
  <properties>
[...]
</properties>
  <testcase classname="pkgTestcase.CalculatorTest" name="testGetwishes" time="0.005"/>
  <testcase classname="pkgTestcase.CalculatorTest" name="testMultiplication" time="0"/>
  <testcase classname="pkgTestcase.CalculatorTest" name="testAddition" time="0.001"/>
  <testcase classname="pkgTestcase.CalculatorTest" name="testSubstraction" time="0"/>
  <testcase classname="pkgTestcase.CalculatorTest" name="testDivision" time="0"/>
</testsuite>